Determining if the pthread_create exist failed with the following output:
Change Dir: /home/mark/Github/ROS/ComputationGraph/demo_source_pkg/cmake-build-debug/CMakeFiles/CMakeTmp

Run Build Command:"/usr/bin/make" "cmTC_2b3ff/fast"
/usr/bin/make -f CMakeFiles/cmTC_2b3ff.dir/build.make CMakeFiles/cmTC_2b3ff.dir/build
make[1]: Entering directory '/home/mark/Github/ROS/ComputationGraph/demo_source_pkg/cmake-build-debug/CMakeFiles/CMakeTmp'
Building C object CMakeFiles/cmTC_2b3ff.dir/CheckSymbolExists.c.o
/usr/bin/cc    -o CMakeFiles/cmTC_2b3ff.dir/CheckSymbolExists.c.o   -c /home/mark/Github/ROS/ComputationGraph/demo_source_pkg/cmake-build-debug/CMakeFiles/CMakeTmp/CheckSymbolExists.c
Linking C executable cmTC_2b3ff
/home/mark/clion-2018.1.1/bin/cmake/bin/cmake -E cmake_link_script CMakeFiles/cmTC_2b3ff.dir/link.txt --verbose=1
/usr/bin/cc      -rdynamic CMakeFiles/cmTC_2b3ff.dir/CheckSymbolExists.c.o  -o cmTC_2b3ff 
CMakeFiles/cmTC_2b3ff.dir/CheckSymbolExists.c.o: In function `main':
CheckSymbolExists.c:(.text+0x16): undefined reference to `pthread_create'
collect2: error: ld returned 1 exit status
CMakeFiles/cmTC_2b3ff.dir/build.make:97: recipe for target 'cmTC_2b3ff' failed
make[1]: *** [cmTC_2b3ff] Error 1
make[1]: Leaving directory '/home/mark/Github/ROS/ComputationGraph/demo_source_pkg/cmake-build-debug/CMakeFiles/CMakeTmp'
Makefile:126: recipe for target 'cmTC_2b3ff/fast' failed
make: *** [cmTC_2b3ff/fast] Error 2

File /home/mark/Github/ROS/ComputationGraph/demo_source_pkg/cmake-build-debug/CMakeFiles/CMakeTmp/CheckSymbolExists.c:
/* */
#include <pthread.h>

int main(int argc, char** argv)
{
  (void)argv;
#ifndef pthread_create
  return ((int*)(&pthread_create))[argc];
#else
  (void)argc;
  return 0;
#endif
}

Determining if the function pthread_create exists in the pthreads failed with the following output:
Change Dir: /home/mark/Github/ROS/ComputationGraph/demo_source_pkg/cmake-build-debug/CMakeFiles/CMakeTmp

Run Build Command:"/usr/bin/make" "cmTC_edb48/fast"
/usr/bin/make -f CMakeFiles/cmTC_edb48.dir/build.make CMakeFiles/cmTC_edb48.dir/build
make[1]: Entering directory '/home/mark/Github/ROS/ComputationGraph/demo_source_pkg/cmake-build-debug/CMakeFiles/CMakeTmp'
Building C object CMakeFiles/cmTC_edb48.dir/CheckFunctionExists.c.o
/usr/bin/cc   -DCHECK_FUNCTION_EXISTS=pthread_create   -o CMakeFiles/cmTC_edb48.dir/CheckFunctionExists.c.o   -c /home/mark/clion-2018.1.1/bin/cmake/share/cmake-3.10/Modules/CheckFunctionExists.c
Linking C executable cmTC_edb48
/home/mark/clion-2018.1.1/bin/cmake/bin/cmake -E cmake_link_script CMakeFiles/cmTC_edb48.dir/link.txt --verbose=1
/usr/bin/cc  -DCHECK_FUNCTION_EXISTS=pthread_create    -rdynamic CMakeFiles/cmTC_edb48.dir/CheckFunctionExists.c.o  -o cmTC_edb48 -lpthreads 
/usr/bin/ld: cannot find -lpthreads
collect2: error: ld returned 1 exit status
CMakeFiles/cmTC_edb48.dir/build.make:97: recipe for target 'cmTC_edb48' failed
make[1]: *** [cmTC_edb48] Error 1
make[1]: Leaving directory '/home/mark/Github/ROS/ComputationGraph/demo_source_pkg/cmake-build-debug/CMakeFiles/CMakeTmp'
Makefile:126: recipe for target 'cmTC_edb48/fast' failed
make: *** [cmTC_edb48/fast] Error 2


